#-----------------------------------------------------------
# Vivado v2024.2 (64-bit)
# SW Build 5239630 on Fri Nov 08 22:35:27 MST 2024
# IP Build 5239520 on Sun Nov 10 16:12:51 MST 2024
# SharedData Build 5239561 on Fri Nov 08 14:39:27 MST 2024
# Start of session at: Tue Mar 11 10:25:01 2025
# Process ID         : 13412
# Current directory  : C:/Users/Portatil/Desktop/Trabajos/Practicas/ADAV/PA0/PA0
# Command line       : vivado.exe -gui_launcher_event rodinguilauncherevent8880 C:\Users\Portatil\Desktop\Trabajos\Practicas\ADAV\PA0\PA0\PA0.xpr
# Log file           : C:/Users/Portatil/Desktop/Trabajos/Practicas/ADAV/PA0/PA0/vivado.log
# Journal file       : C:/Users/Portatil/Desktop/Trabajos/Practicas/ADAV/PA0/PA0\vivado.jou
# Running On         : DESKTOP-MNJUT2Q
# Platform           : Windows Server 2016 or Windows 10
# Operating System   : 26100
# Processor Detail   : AMD Ryzen 7 7730U with Radeon Graphics         
# CPU Frequency      : 1996 MHz
# CPU Physical cores : 8
# CPU Logical cores  : 16
# Host memory        : 16475 MB
# Swap memory        : 2550 MB
# Total Virtual      : 19025 MB
# Available Virtual  : 6729 MB
#-----------------------------------------------------------
start_gui
open_project C:/Users/Portatil/Desktop/Trabajos/Practicas/ADAV/PA0/PA0/PA0.xpr
INFO: [filemgmt 56-3] Default IP Output Path : Could not find the directory 'C:/Users/Portatil/Desktop/Trabajos/Practicas/ADAV/PA0/PA0/PA0.gen/sources_1'.
Scanning sources...
Finished scanning sources
INFO: [IP_Flow 19-234] Refreshing IP repositories
INFO: [IP_Flow 19-1704] No user IP repositories specified
INFO: [IP_Flow 19-2313] Loaded Vivado IP repository 'C:/Xilinx/Vivado/2024.2/data/ip'.
WARNING: [Board 49-26] cannot add Board Part xilinx.com:zcu208ld:part0:2.0 available at C:/Xilinx/Vivado/2024.2/data/xhub/boards/XilinxBoardStore/boards/Xilinx/zcu208ld/production/2.0/board.xml as part xczu58dr-fsvg1517-2-i specified in board_part file is either invalid or not available
WARNING: [Board 49-26] cannot add Board Part xilinx.com:zcu216ld:part0:2.0 available at C:/Xilinx/Vivado/2024.2/data/xhub/boards/XilinxBoardStore/boards/Xilinx/zcu216ld/production/2.0/board.xml as part xczu59dr-ffvf1760-2-i specified in board_part file is either invalid or not available
WARNING: [Board 49-26] cannot add Board Part xilinx.com:zcu670ld:part0:1.0 available at C:/Xilinx/Vivado/2024.2/data/xhub/boards/XilinxBoardStore/boards/Xilinx/zcu670ld/1.0/board.xml as part xczu57dr-fsve1156-2-i specified in board_part file is either invalid or not available
open_project: Time (s): cpu = 00:00:20 ; elapsed = 00:00:11 . Memory (MB): peak = 1360.312 ; gain = 262.250
update_compile_order -fileset sources_1
exit
INFO: [Common 17-206] Exiting Vivado at Tue Mar 11 11:49:18 2025...
