#-----------------------------------------------------------
# Vivado v2024.2 (64-bit)
# SW Build 5239630 on Fri Nov 08 22:35:27 MST 2024
# IP Build 5239520 on Sun Nov 10 16:12:51 MST 2024
# SharedData Build 5239561 on Fri Nov 08 14:39:27 MST 2024
# Start of session at: Sun May 18 19:34:54 2025
# Process ID         : 18464
# Current directory  : C:/Users/Portatil/Desktop/Trabajos/Practicas/ADAV/PA2/PA2
# Command line       : vivado.exe -gui_launcher_event rodinguilauncherevent20240 C:\Users\Portatil\Desktop\Trabajos\Practicas\ADAV\PA2\PA2\PA2.xpr
# Log file           : C:/Users/Portatil/Desktop/Trabajos/Practicas/ADAV/PA2/PA2/vivado.log
# Journal file       : C:/Users/Portatil/Desktop/Trabajos/Practicas/ADAV/PA2/PA2\vivado.jou
# Running On         : DESKTOP-MNJUT2Q
# Platform           : Windows Server 2016 or Windows 10
# Operating System   : 26100
# Processor Detail   : AMD Ryzen 7 7730U with Radeon Graphics         
# CPU Frequency      : 1996 MHz
# CPU Physical cores : 8
# CPU Logical cores  : 16
# Host memory        : 16474 MB
# Swap memory        : 5100 MB
# Total Virtual      : 21574 MB
# Available Virtual  : 7160 MB
#-----------------------------------------------------------
start_gui
open_project C:/Users/Portatil/Desktop/Trabajos/Practicas/ADAV/PA2/PA2/PA2.xpr
INFO: [filemgmt 56-3] Default IP Output Path : Could not find the directory 'C:/Users/Portatil/Desktop/Trabajos/Practicas/ADAV/PA2/PA2/PA2.gen/sources_1'.
Scanning sources...
Finished scanning sources
INFO: [IP_Flow 19-234] Refreshing IP repositories
INFO: [IP_Flow 19-1704] No user IP repositories specified
INFO: [IP_Flow 19-2313] Loaded Vivado IP repository 'C:/Xilinx/Vivado/2024.2/data/ip'.
WARNING: [Board 49-26] cannot add Board Part xilinx.com:zcu208ld:part0:2.0 available at C:/Xilinx/Vivado/2024.2/data/xhub/boards/XilinxBoardStore/boards/Xilinx/zcu208ld/production/2.0/board.xml as part xczu58dr-fsvg1517-2-i specified in board_part file is either invalid or not available
WARNING: [Board 49-26] cannot add Board Part xilinx.com:zcu216ld:part0:2.0 available at C:/Xilinx/Vivado/2024.2/data/xhub/boards/XilinxBoardStore/boards/Xilinx/zcu216ld/production/2.0/board.xml as part xczu59dr-ffvf1760-2-i specified in board_part file is either invalid or not available
WARNING: [Board 49-26] cannot add Board Part xilinx.com:zcu670ld:part0:1.0 available at C:/Xilinx/Vivado/2024.2/data/xhub/boards/XilinxBoardStore/boards/Xilinx/zcu670ld/1.0/board.xml as part xczu57dr-fsve1156-2-i specified in board_part file is either invalid or not available
open_project: Time (s): cpu = 00:00:15 ; elapsed = 00:00:09 . Memory (MB): peak = 1369.359 ; gain = 255.219
update_compile_order -fileset sources_1
update_compile_order -fileset sources_1
WARNING: [filemgmt 56-199] Attempt to get parsing info during refresh. "On-the-fly" syntax checking information may be incorrect. [C:\Users\Portatil\Desktop\Trabajos\Practicas\ADAV\PA2\VHDL PA2\datapath.vhd:]
WARNING: [filemgmt 56-199] Attempt to get parsing info during refresh. "On-the-fly" syntax checking information may be incorrect. [C:\Users\Portatil\Desktop\Trabajos\Practicas\ADAV\PA2\VHDL PA2\top.vhd:]
WARNING: [filemgmt 56-199] Attempt to get parsing info during refresh. "On-the-fly" syntax checking information may be incorrect. [C:\Users\Portatil\Desktop\Trabajos\Practicas\ADAV\PA2\VHDL PA2\top.vhd:]
WARNING: [filemgmt 56-199] Attempt to get parsing info during refresh. "On-the-fly" syntax checking information may be incorrect. [C:\Users\Portatil\Desktop\Trabajos\Practicas\ADAV\PA2\VHDL PA2\top.vhd:]
ERROR: [Common 17-180] Spawn failed: No error
update_compile_order -fileset sources_1
WARNING: [filemgmt 56-199] Attempt to get parsing info during refresh. "On-the-fly" syntax checking information may be incorrect. [C:\Users\Portatil\Desktop\Trabajos\Practicas\ADAV\PA2\VHDL PA2\datapath.vhd:]
WARNING: [filemgmt 56-199] Attempt to get parsing info during refresh. "On-the-fly" syntax checking information may be incorrect. [C:\Users\Portatil\Desktop\Trabajos\Practicas\ADAV\PA2\VHDL PA2\top.vhd:]
WARNING: [filemgmt 56-199] Attempt to get parsing info during refresh. "On-the-fly" syntax checking information may be incorrect. [C:\Users\Portatil\Desktop\Trabajos\Practicas\ADAV\PA2\VHDL PA2\top.vhd:]
WARNING: [filemgmt 56-199] Attempt to get parsing info during refresh. "On-the-fly" syntax checking information may be incorrect. [C:\Users\Portatil\Desktop\Trabajos\Practicas\ADAV\PA2\VHDL PA2\top.vhd:]
ERROR: [Common 17-180] Spawn failed: No error
WARNING: [filemgmt 56-199] Attempt to get parsing info during refresh. "On-the-fly" syntax checking information may be incorrect. [C:\Users\Portatil\Desktop\Trabajos\Practicas\ADAV\PA2\VHDL PA2\datapath.vhd:]
WARNING: [filemgmt 56-199] Attempt to get parsing info during refresh. "On-the-fly" syntax checking information may be incorrect. [C:\Users\Portatil\Desktop\Trabajos\Practicas\ADAV\PA2\VHDL PA2\top.vhd:]
WARNING: [filemgmt 56-199] Attempt to get parsing info during refresh. "On-the-fly" syntax checking information may be incorrect. [C:\Users\Portatil\Desktop\Trabajos\Practicas\ADAV\PA2\VHDL PA2\top.vhd:]
WARNING: [filemgmt 56-199] Attempt to get parsing info during refresh. "On-the-fly" syntax checking information may be incorrect. [C:\Users\Portatil\Desktop\Trabajos\Practicas\ADAV\PA2\VHDL PA2\top.vhd:]
ERROR: [Common 17-180] Spawn failed: No error
WARNING: [filemgmt 56-199] Attempt to get parsing info during refresh. "On-the-fly" syntax checking information may be incorrect. [C:\Users\Portatil\Desktop\Trabajos\Practicas\ADAV\PA2\VHDL PA2\datapath.vhd:]
WARNING: [filemgmt 56-199] Attempt to get parsing info during refresh. "On-the-fly" syntax checking information may be incorrect. [C:\Users\Portatil\Desktop\Trabajos\Practicas\ADAV\PA2\VHDL PA2\top.vhd:]
WARNING: [filemgmt 56-199] Attempt to get parsing info during refresh. "On-the-fly" syntax checking information may be incorrect. [C:\Users\Portatil\Desktop\Trabajos\Practicas\ADAV\PA2\VHDL PA2\top.vhd:]
WARNING: [filemgmt 56-199] Attempt to get parsing info during refresh. "On-the-fly" syntax checking information may be incorrect. [C:\Users\Portatil\Desktop\Trabajos\Practicas\ADAV\PA2\VHDL PA2\top.vhd:]
ERROR: [Common 17-180] Spawn failed: No error
reset_simulation -simset sim_1 -mode behavioral
INFO: [Vivado 12-2266] Removing simulation data...
INFO: [Vivado 12-2267] Reset complete
WARNING: [filemgmt 56-199] Attempt to get parsing info during refresh. "On-the-fly" syntax checking information may be incorrect. [C:\Users\Portatil\Desktop\Trabajos\Practicas\ADAV\PA2\VHDL PA2\datapath.vhd:]
WARNING: [filemgmt 56-199] Attempt to get parsing info during refresh. "On-the-fly" syntax checking information may be incorrect. [C:\Users\Portatil\Desktop\Trabajos\Practicas\ADAV\PA2\VHDL PA2\top.vhd:]
WARNING: [filemgmt 56-199] Attempt to get parsing info during refresh. "On-the-fly" syntax checking information may be incorrect. [C:\Users\Portatil\Desktop\Trabajos\Practicas\ADAV\PA2\VHDL PA2\top.vhd:]
WARNING: [filemgmt 56-199] Attempt to get parsing info during refresh. "On-the-fly" syntax checking information may be incorrect. [C:\Users\Portatil\Desktop\Trabajos\Practicas\ADAV\PA2\VHDL PA2\top.vhd:]
launch_simulation
Command: launch_simulation 
INFO: [Vivado 12-12493] Simulation top is 'tb_top'
WARNING: [Vivado 12-13340] Unable to auto find GCC executables from simulator install path! (path not set)
INFO: [Vivado 12-5682] Launching behavioral simulation in 'C:/Users/Portatil/Desktop/Trabajos/Practicas/ADAV/PA2/PA2/PA2.sim/sim_1/behav/xsim'
INFO: [SIM-utils-51] Simulation object is 'sim_1'
INFO: [SIM-utils-72] Using boost library from 'C:/Xilinx/Vivado/2024.2/tps/boost_1_72_0'
INFO: [SIM-utils-54] Inspecting design source files for 'tb_top' in fileset 'sim_1'...
INFO: [USF-XSim-97] Finding global include files...
INFO: [USF-XSim-98] Fetching design files from 'sim_1'...
INFO: [USF-XSim-2] XSim::Compile design
ERROR: [Common 17-180] Spawn failed: No error
INFO: [USF-XSim-61] Executing 'COMPILE and ANALYZE' step in 'C:/Users/Portatil/Desktop/Trabajos/Practicas/ADAV/PA2/PA2/PA2.sim/sim_1/behav/xsim'
"xvhdl --incr --relax -prj tb_top_vhdl.prj"
INFO: [VRFC 10-163] Analyzing VHDL file "C:/Users/Portatil/Desktop/Trabajos/Practicas/ADAV/PA2/VHDL PA2/control.vhd" into library xil_defaultlib
INFO: [VRFC 10-3107] analyzing entity 'control'
INFO: [VRFC 10-163] Analyzing VHDL file "C:/Users/Portatil/Desktop/Trabajos/Practicas/ADAV/PA2/VHDL PA2/datapath.vhd" into library xil_defaultlib
INFO: [VRFC 10-3107] analyzing entity 'datapath'
INFO: [VRFC 10-163] Analyzing VHDL file "C:/Users/Portatil/Desktop/Trabajos/Practicas/ADAV/PA2/VHDL PA2/int_entrada.vhd" into library xil_defaultlib
INFO: [VRFC 10-3107] analyzing entity 'interfaz_entrada'
INFO: [VRFC 10-163] Analyzing VHDL file "C:/Users/Portatil/Desktop/Trabajos/Practicas/ADAV/PA2/VHDL PA2/int_salida.vhd" into library xil_defaultlib
INFO: [VRFC 10-3107] analyzing entity 'interfaz_salida'
INFO: [VRFC 10-163] Analyzing VHDL file "C:/Users/Portatil/Desktop/Trabajos/Practicas/ADAV/PA2/VHDL PA2/top.vhd" into library xil_defaultlib
INFO: [VRFC 10-3107] analyzing entity 'top'
ERROR: [VRFC 10-2989] 'flags' is not declared [C:/Users/Portatil/Desktop/Trabajos/Practicas/ADAV/PA2/VHDL PA2/top.vhd:81]
ERROR: [VRFC 10-9458] unit 'behavior' is ignored due to previous errors [C:/Users/Portatil/Desktop/Trabajos/Practicas/ADAV/PA2/VHDL PA2/top.vhd:18]
INFO: [VRFC 10-8704] VHDL file 'C:/Users/Portatil/Desktop/Trabajos/Practicas/ADAV/PA2/VHDL PA2/top.vhd' is ignored due to errors
INFO: [USF-XSim-69] 'compile' step finished in '2' seconds
INFO: [USF-XSim-99] Step results log file:'C:/Users/Portatil/Desktop/Trabajos/Practicas/ADAV/PA2/PA2/PA2.sim/sim_1/behav/xsim/xvhdl.log'
ERROR: [USF-XSim-62] 'compile' step failed with error(s). Please check the Tcl console output or 'C:/Users/Portatil/Desktop/Trabajos/Practicas/ADAV/PA2/PA2/PA2.sim/sim_1/behav/xsim/xvhdl.log' file for more information.
ERROR: [Vivado 12-4473] Detected error while running simulation. Please correct the issue and retry this operation.
ERROR: [Common 17-39] 'launch_simulation' failed due to earlier errors.
launch_simulation
Command: launch_simulation 
INFO: [Vivado 12-12493] Simulation top is 'tb_top'
WARNING: [Vivado 12-13340] Unable to auto find GCC executables from simulator install path! (path not set)
INFO: [Vivado 12-5682] Launching behavioral simulation in 'C:/Users/Portatil/Desktop/Trabajos/Practicas/ADAV/PA2/PA2/PA2.sim/sim_1/behav/xsim'
INFO: [SIM-utils-51] Simulation object is 'sim_1'
INFO: [SIM-utils-72] Using boost library from 'C:/Xilinx/Vivado/2024.2/tps/boost_1_72_0'
INFO: [SIM-utils-54] Inspecting design source files for 'tb_top' in fileset 'sim_1'...
INFO: [USF-XSim-97] Finding global include files...
INFO: [USF-XSim-98] Fetching design files from 'sim_1'...
INFO: [USF-XSim-2] XSim::Compile design
INFO: [USF-XSim-61] Executing 'COMPILE and ANALYZE' step in 'C:/Users/Portatil/Desktop/Trabajos/Practicas/ADAV/PA2/PA2/PA2.sim/sim_1/behav/xsim'
"xvhdl --incr --relax -prj tb_top_vhdl.prj"
INFO: [VRFC 10-163] Analyzing VHDL file "C:/Users/Portatil/Desktop/Trabajos/Practicas/ADAV/PA2/VHDL PA2/control.vhd" into library xil_defaultlib
INFO: [VRFC 10-3107] analyzing entity 'control'
INFO: [VRFC 10-163] Analyzing VHDL file "C:/Users/Portatil/Desktop/Trabajos/Practicas/ADAV/PA2/VHDL PA2/datapath.vhd" into library xil_defaultlib
INFO: [VRFC 10-3107] analyzing entity 'datapath'
INFO: [VRFC 10-163] Analyzing VHDL file "C:/Users/Portatil/Desktop/Trabajos/Practicas/ADAV/PA2/VHDL PA2/int_entrada.vhd" into library xil_defaultlib
INFO: [VRFC 10-3107] analyzing entity 'interfaz_entrada'
INFO: [VRFC 10-163] Analyzing VHDL file "C:/Users/Portatil/Desktop/Trabajos/Practicas/ADAV/PA2/VHDL PA2/int_salida.vhd" into library xil_defaultlib
INFO: [VRFC 10-3107] analyzing entity 'interfaz_salida'
INFO: [VRFC 10-163] Analyzing VHDL file "C:/Users/Portatil/Desktop/Trabajos/Practicas/ADAV/PA2/VHDL PA2/top.vhd" into library xil_defaultlib
INFO: [VRFC 10-3107] analyzing entity 'top'
ERROR: [VRFC 10-2989] 'flags' is not declared [C:/Users/Portatil/Desktop/Trabajos/Practicas/ADAV/PA2/VHDL PA2/top.vhd:81]
ERROR: [VRFC 10-9458] unit 'behavior' is ignored due to previous errors [C:/Users/Portatil/Desktop/Trabajos/Practicas/ADAV/PA2/VHDL PA2/top.vhd:18]
INFO: [VRFC 10-8704] VHDL file 'C:/Users/Portatil/Desktop/Trabajos/Practicas/ADAV/PA2/VHDL PA2/top.vhd' is ignored due to errors
INFO: [USF-XSim-69] 'compile' step finished in '2' seconds
INFO: [USF-XSim-99] Step results log file:'C:/Users/Portatil/Desktop/Trabajos/Practicas/ADAV/PA2/PA2/PA2.sim/sim_1/behav/xsim/xvhdl.log'
ERROR: [USF-XSim-62] 'compile' step failed with error(s). Please check the Tcl console output or 'C:/Users/Portatil/Desktop/Trabajos/Practicas/ADAV/PA2/PA2/PA2.sim/sim_1/behav/xsim/xvhdl.log' file for more information.
ERROR: [Vivado 12-4473] Detected error while running simulation. Please correct the issue and retry this operation.
ERROR: [Common 17-39] 'launch_simulation' failed due to earlier errors.
launch_simulation
Command: launch_simulation 
INFO: [Vivado 12-12493] Simulation top is 'tb_top'
WARNING: [Vivado 12-13340] Unable to auto find GCC executables from simulator install path! (path not set)
INFO: [Vivado 12-5682] Launching behavioral simulation in 'C:/Users/Portatil/Desktop/Trabajos/Practicas/ADAV/PA2/PA2/PA2.sim/sim_1/behav/xsim'
INFO: [SIM-utils-51] Simulation object is 'sim_1'
INFO: [SIM-utils-72] Using boost library from 'C:/Xilinx/Vivado/2024.2/tps/boost_1_72_0'
INFO: [SIM-utils-54] Inspecting design source files for 'tb_top' in fileset 'sim_1'...
INFO: [USF-XSim-97] Finding global include files...
INFO: [USF-XSim-98] Fetching design files from 'sim_1'...
INFO: [USF-XSim-2] XSim::Compile design
INFO: [USF-XSim-61] Executing 'COMPILE and ANALYZE' step in 'C:/Users/Portatil/Desktop/Trabajos/Practicas/ADAV/PA2/PA2/PA2.sim/sim_1/behav/xsim'
"xvhdl --incr --relax -prj tb_top_vhdl.prj"
INFO: [VRFC 10-163] Analyzing VHDL file "C:/Users/Portatil/Desktop/Trabajos/Practicas/ADAV/PA2/VHDL PA2/control.vhd" into library xil_defaultlib
INFO: [VRFC 10-3107] analyzing entity 'control'
INFO: [VRFC 10-163] Analyzing VHDL file "C:/Users/Portatil/Desktop/Trabajos/Practicas/ADAV/PA2/VHDL PA2/datapath.vhd" into library xil_defaultlib
INFO: [VRFC 10-3107] analyzing entity 'datapath'
INFO: [VRFC 10-163] Analyzing VHDL file "C:/Users/Portatil/Desktop/Trabajos/Practicas/ADAV/PA2/VHDL PA2/int_entrada.vhd" into library xil_defaultlib
INFO: [VRFC 10-3107] analyzing entity 'interfaz_entrada'
INFO: [VRFC 10-163] Analyzing VHDL file "C:/Users/Portatil/Desktop/Trabajos/Practicas/ADAV/PA2/VHDL PA2/int_salida.vhd" into library xil_defaultlib
INFO: [VRFC 10-3107] analyzing entity 'interfaz_salida'
INFO: [VRFC 10-163] Analyzing VHDL file "C:/Users/Portatil/Desktop/Trabajos/Practicas/ADAV/PA2/VHDL PA2/top.vhd" into library xil_defaultlib
INFO: [VRFC 10-3107] analyzing entity 'top'
ERROR: [VRFC 10-2989] 'flags' is not declared [C:/Users/Portatil/Desktop/Trabajos/Practicas/ADAV/PA2/VHDL PA2/top.vhd:81]
ERROR: [VRFC 10-9458] unit 'behavior' is ignored due to previous errors [C:/Users/Portatil/Desktop/Trabajos/Practicas/ADAV/PA2/VHDL PA2/top.vhd:18]
INFO: [VRFC 10-8704] VHDL file 'C:/Users/Portatil/Desktop/Trabajos/Practicas/ADAV/PA2/VHDL PA2/top.vhd' is ignored due to errors
INFO: [USF-XSim-69] 'compile' step finished in '3' seconds
INFO: [USF-XSim-99] Step results log file:'C:/Users/Portatil/Desktop/Trabajos/Practicas/ADAV/PA2/PA2/PA2.sim/sim_1/behav/xsim/xvhdl.log'
ERROR: [USF-XSim-62] 'compile' step failed with error(s). Please check the Tcl console output or 'C:/Users/Portatil/Desktop/Trabajos/Practicas/ADAV/PA2/PA2/PA2.sim/sim_1/behav/xsim/xvhdl.log' file for more information.
ERROR: [Vivado 12-4473] Detected error while running simulation. Please correct the issue and retry this operation.
ERROR: [Common 17-39] 'launch_simulation' failed due to earlier errors.
WARNING: [filemgmt 56-199] Attempt to get parsing info during refresh. "On-the-fly" syntax checking information may be incorrect. [C:\Users\Portatil\Desktop\Trabajos\Practicas\ADAV\PA2\VHDL PA2\datapath.vhd:]
WARNING: [filemgmt 56-199] Attempt to get parsing info during refresh. "On-the-fly" syntax checking information may be incorrect. [C:\Users\Portatil\Desktop\Trabajos\Practicas\ADAV\PA2\VHDL PA2\top.vhd:]
WARNING: [filemgmt 56-199] Attempt to get parsing info during refresh. "On-the-fly" syntax checking information may be incorrect. [C:\Users\Portatil\Desktop\Trabajos\Practicas\ADAV\PA2\VHDL PA2\tb_top.vhd:]
WARNING: [filemgmt 56-199] Attempt to get parsing info during refresh. "On-the-fly" syntax checking information may be incorrect. [C:\Users\Portatil\Desktop\Trabajos\Practicas\ADAV\PA2\VHDL PA2\control.vhd:]
WARNING: [filemgmt 56-199] Attempt to get parsing info during refresh. "On-the-fly" syntax checking information may be incorrect. [C:\Users\Portatil\Desktop\Trabajos\Practicas\ADAV\PA2\VHDL PA2\top.vhd:]
WARNING: [filemgmt 56-199] Attempt to get parsing info during refresh. "On-the-fly" syntax checking information may be incorrect. [C:\Users\Portatil\Desktop\Trabajos\Practicas\ADAV\PA2\VHDL PA2\top.vhd:]
WARNING: [filemgmt 56-199] Attempt to get parsing info during refresh. "On-the-fly" syntax checking information may be incorrect. [C:\Users\Portatil\Desktop\Trabajos\Practicas\ADAV\PA2\VHDL PA2\datapath.vhd:]
WARNING: [filemgmt 56-199] Attempt to get parsing info during refresh. "On-the-fly" syntax checking information may be incorrect. [C:\Users\Portatil\Desktop\Trabajos\Practicas\ADAV\PA2\VHDL PA2\top.vhd:]
WARNING: [filemgmt 56-199] Attempt to get parsing info during refresh. "On-the-fly" syntax checking information may be incorrect. [C:\Users\Portatil\Desktop\Trabajos\Practicas\ADAV\PA2\VHDL PA2\tb_top.vhd:]
WARNING: [filemgmt 56-199] Attempt to get parsing info during refresh. "On-the-fly" syntax checking information may be incorrect. [C:\Users\Portatil\Desktop\Trabajos\Practicas\ADAV\PA2\VHDL PA2\control.vhd:]
WARNING: [filemgmt 56-199] Attempt to get parsing info during refresh. "On-the-fly" syntax checking information may be incorrect. [C:\Users\Portatil\Desktop\Trabajos\Practicas\ADAV\PA2\VHDL PA2\control.vhd:]
WARNING: [filemgmt 56-199] Attempt to get parsing info during refresh. "On-the-fly" syntax checking information may be incorrect. [C:\Users\Portatil\Desktop\Trabajos\Practicas\ADAV\PA2\VHDL PA2\control.vhd:]
ERROR: [Common 17-180] Spawn failed: No error
ERROR: [Common 17-180] Spawn failed: No error
reset_simulation -simset sim_1 -mode behavioral
INFO: [Vivado 12-2266] Removing simulation data...
INFO: [Vivado 12-2267] Reset complete
WARNING: [filemgmt 56-199] Attempt to get parsing info during refresh. "On-the-fly" syntax checking information may be incorrect. [C:\Users\Portatil\Desktop\Trabajos\Practicas\ADAV\PA2\VHDL PA2\datapath.vhd:]
WARNING: [filemgmt 56-199] Attempt to get parsing info during refresh. "On-the-fly" syntax checking information may be incorrect. [C:\Users\Portatil\Desktop\Trabajos\Practicas\ADAV\PA2\VHDL PA2\top.vhd:]
WARNING: [filemgmt 56-199] Attempt to get parsing info during refresh. "On-the-fly" syntax checking information may be incorrect. [C:\Users\Portatil\Desktop\Trabajos\Practicas\ADAV\PA2\VHDL PA2\tb_top.vhd:]
WARNING: [filemgmt 56-199] Attempt to get parsing info during refresh. "On-the-fly" syntax checking information may be incorrect. [C:\Users\Portatil\Desktop\Trabajos\Practicas\ADAV\PA2\VHDL PA2\control.vhd:]
WARNING: [filemgmt 56-199] Attempt to get parsing info during refresh. "On-the-fly" syntax checking information may be incorrect. [C:\Users\Portatil\Desktop\Trabajos\Practicas\ADAV\PA2\VHDL PA2\top.vhd:]
WARNING: [filemgmt 56-199] Attempt to get parsing info during refresh. "On-the-fly" syntax checking information may be incorrect. [C:\Users\Portatil\Desktop\Trabajos\Practicas\ADAV\PA2\VHDL PA2\top.vhd:]
WARNING: [filemgmt 56-199] Attempt to get parsing info during refresh. "On-the-fly" syntax checking information may be incorrect. [C:\Users\Portatil\Desktop\Trabajos\Practicas\ADAV\PA2\VHDL PA2\datapath.vhd:]
WARNING: [filemgmt 56-199] Attempt to get parsing info during refresh. "On-the-fly" syntax checking information may be incorrect. [C:\Users\Portatil\Desktop\Trabajos\Practicas\ADAV\PA2\VHDL PA2\top.vhd:]
WARNING: [filemgmt 56-199] Attempt to get parsing info during refresh. "On-the-fly" syntax checking information may be incorrect. [C:\Users\Portatil\Desktop\Trabajos\Practicas\ADAV\PA2\VHDL PA2\tb_top.vhd:]
WARNING: [filemgmt 56-199] Attempt to get parsing info during refresh. "On-the-fly" syntax checking information may be incorrect. [C:\Users\Portatil\Desktop\Trabajos\Practicas\ADAV\PA2\VHDL PA2\control.vhd:]
WARNING: [filemgmt 56-199] Attempt to get parsing info during refresh. "On-the-fly" syntax checking information may be incorrect. [C:\Users\Portatil\Desktop\Trabajos\Practicas\ADAV\PA2\VHDL PA2\control.vhd:]
WARNING: [filemgmt 56-199] Attempt to get parsing info during refresh. "On-the-fly" syntax checking information may be incorrect. [C:\Users\Portatil\Desktop\Trabajos\Practicas\ADAV\PA2\VHDL PA2\control.vhd:]
ERROR: [Common 17-180] Spawn failed: No error
WARNING: [filemgmt 56-199] Attempt to get parsing info during refresh. "On-the-fly" syntax checking information may be incorrect. [C:\Users\Portatil\Desktop\Trabajos\Practicas\ADAV\PA2\VHDL PA2\datapath.vhd:]
WARNING: [filemgmt 56-199] Attempt to get parsing info during refresh. "On-the-fly" syntax checking information may be incorrect. [C:\Users\Portatil\Desktop\Trabajos\Practicas\ADAV\PA2\VHDL PA2\top.vhd:]
WARNING: [filemgmt 56-199] Attempt to get parsing info during refresh. "On-the-fly" syntax checking information may be incorrect. [C:\Users\Portatil\Desktop\Trabajos\Practicas\ADAV\PA2\VHDL PA2\tb_top.vhd:]
WARNING: [filemgmt 56-199] Attempt to get parsing info during refresh. "On-the-fly" syntax checking information may be incorrect. [C:\Users\Portatil\Desktop\Trabajos\Practicas\ADAV\PA2\VHDL PA2\control.vhd:]
WARNING: [filemgmt 56-199] Attempt to get parsing info during refresh. "On-the-fly" syntax checking information may be incorrect. [C:\Users\Portatil\Desktop\Trabajos\Practicas\ADAV\PA2\VHDL PA2\tb_top.vhd:]
WARNING: [filemgmt 56-199] Attempt to get parsing info during refresh. "On-the-fly" syntax checking information may be incorrect. [C:\Users\Portatil\Desktop\Trabajos\Practicas\ADAV\PA2\VHDL PA2\tb_top.vhd:]
ERROR: [Common 17-180] Spawn failed: No error
WARNING: [filemgmt 56-199] Attempt to get parsing info during refresh. "On-the-fly" syntax checking information may be incorrect. [C:\Users\Portatil\Desktop\Trabajos\Practicas\ADAV\PA2\VHDL PA2\datapath.vhd:]
WARNING: [filemgmt 56-199] Attempt to get parsing info during refresh. "On-the-fly" syntax checking information may be incorrect. [C:\Users\Portatil\Desktop\Trabajos\Practicas\ADAV\PA2\VHDL PA2\top.vhd:]
WARNING: [filemgmt 56-199] Attempt to get parsing info during refresh. "On-the-fly" syntax checking information may be incorrect. [C:\Users\Portatil\Desktop\Trabajos\Practicas\ADAV\PA2\VHDL PA2\tb_top.vhd:]
WARNING: [filemgmt 56-199] Attempt to get parsing info during refresh. "On-the-fly" syntax checking information may be incorrect. [C:\Users\Portatil\Desktop\Trabajos\Practicas\ADAV\PA2\VHDL PA2\control.vhd:]
WARNING: [filemgmt 56-199] Attempt to get parsing info during refresh. "On-the-fly" syntax checking information may be incorrect. [C:\Users\Portatil\Desktop\Trabajos\Practicas\ADAV\PA2\VHDL PA2\top.vhd:]
WARNING: [filemgmt 56-199] Attempt to get parsing info during refresh. "On-the-fly" syntax checking information may be incorrect. [C:\Users\Portatil\Desktop\Trabajos\Practicas\ADAV\PA2\VHDL PA2\top.vhd:]
WARNING: [filemgmt 56-199] Attempt to get parsing info during refresh. "On-the-fly" syntax checking information may be incorrect. [C:\Users\Portatil\Desktop\Trabajos\Practicas\ADAV\PA2\VHDL PA2\datapath.vhd:]
WARNING: [filemgmt 56-199] Attempt to get parsing info during refresh. "On-the-fly" syntax checking information may be incorrect. [C:\Users\Portatil\Desktop\Trabajos\Practicas\ADAV\PA2\VHDL PA2\top.vhd:]
WARNING: [filemgmt 56-199] Attempt to get parsing info during refresh. "On-the-fly" syntax checking information may be incorrect. [C:\Users\Portatil\Desktop\Trabajos\Practicas\ADAV\PA2\VHDL PA2\tb_top.vhd:]
WARNING: [filemgmt 56-199] Attempt to get parsing info during refresh. "On-the-fly" syntax checking information may be incorrect. [C:\Users\Portatil\Desktop\Trabajos\Practicas\ADAV\PA2\VHDL PA2\control.vhd:]
WARNING: [filemgmt 56-199] Attempt to get parsing info during refresh. "On-the-fly" syntax checking information may be incorrect. [C:\Users\Portatil\Desktop\Trabajos\Practicas\ADAV\PA2\VHDL PA2\control.vhd:]
WARNING: [filemgmt 56-199] Attempt to get parsing info during refresh. "On-the-fly" syntax checking information may be incorrect. [C:\Users\Portatil\Desktop\Trabajos\Practicas\ADAV\PA2\VHDL PA2\control.vhd:]
launch_simulation
Command: launch_simulation 
INFO: [Vivado 12-12493] Simulation top is 'tb_top'
WARNING: [Vivado 12-13340] Unable to auto find GCC executables from simulator install path! (path not set)
INFO: [Vivado 12-5682] Launching behavioral simulation in 'C:/Users/Portatil/Desktop/Trabajos/Practicas/ADAV/PA2/PA2/PA2.sim/sim_1/behav/xsim'
INFO: [SIM-utils-51] Simulation object is 'sim_1'
INFO: [SIM-utils-72] Using boost library from 'C:/Xilinx/Vivado/2024.2/tps/boost_1_72_0'
ERROR: [Common 17-180] Spawn failed: No error
WARNING: [filemgmt 56-199] Attempt to get parsing info during refresh. "On-the-fly" syntax checking information may be incorrect. [C:\Users\Portatil\Desktop\Trabajos\Practicas\ADAV\PA2\VHDL PA2\datapath.vhd:]
WARNING: [filemgmt 56-199] Attempt to get parsing info during refresh. "On-the-fly" syntax checking information may be incorrect. [C:\Users\Portatil\Desktop\Trabajos\Practicas\ADAV\PA2\VHDL PA2\top.vhd:]
WARNING: [filemgmt 56-199] Attempt to get parsing info during refresh. "On-the-fly" syntax checking information may be incorrect. [C:\Users\Portatil\Desktop\Trabajos\Practicas\ADAV\PA2\VHDL PA2\tb_top.vhd:]
WARNING: [filemgmt 56-199] Attempt to get parsing info during refresh. "On-the-fly" syntax checking information may be incorrect. [C:\Users\Portatil\Desktop\Trabajos\Practicas\ADAV\PA2\VHDL PA2\control.vhd:]
WARNING: [filemgmt 56-199] Attempt to get parsing info during refresh. "On-the-fly" syntax checking information may be incorrect. [C:\Users\Portatil\Desktop\Trabajos\Practicas\ADAV\PA2\VHDL PA2\datapath.vhd:]
WARNING: [filemgmt 56-199] Attempt to get parsing info during refresh. "On-the-fly" syntax checking information may be incorrect. [C:\Users\Portatil\Desktop\Trabajos\Practicas\ADAV\PA2\VHDL PA2\datapath.vhd:]
ERROR: [Common 17-180] Spawn failed: No error
ERROR: [Common 17-39] 'get_xpm_libraries' failed due to earlier errors.

    while executing
"rdi::get_xpm_libraries"
    (procedure "xcs_get_xpm_libraries" line 14)
    invoked from within
"xcs_get_xpm_libraries"
    (procedure "usf_xsim_setup_simulation" line 50)
    invoked from within
"usf_xsim_setup_simulation"
    (procedure "tclapp::xilinx::xsim::setup" line 29)
    invoked from within
"tclapp::xilinx::xsim::setup { -simset sim_1 -mode behavioral -run_dir C:/Users/Portatil/Desktop/Trabajos/Practicas/ADAV/PA2/PA2/PA2.sim/sim_1/behav/xs..."
ERROR: [Vivado 12-4473] Detected error while running simulation. Please correct the issue and retry this operation.
ERROR: [Common 17-39] 'launch_simulation' failed due to earlier errors.
reset_simulation -simset sim_1 -mode behavioral
INFO: [Vivado 12-2266] Removing simulation data...
INFO: [Vivado 12-2267] Reset complete
WARNING: [filemgmt 56-199] Attempt to get parsing info during refresh. "On-the-fly" syntax checking information may be incorrect. [C:\Users\Portatil\Desktop\Trabajos\Practicas\ADAV\PA2\VHDL PA2\datapath.vhd:]
WARNING: [filemgmt 56-199] Attempt to get parsing info during refresh. "On-the-fly" syntax checking information may be incorrect. [C:\Users\Portatil\Desktop\Trabajos\Practicas\ADAV\PA2\VHDL PA2\top.vhd:]
WARNING: [filemgmt 56-199] Attempt to get parsing info during refresh. "On-the-fly" syntax checking information may be incorrect. [C:\Users\Portatil\Desktop\Trabajos\Practicas\ADAV\PA2\VHDL PA2\tb_top.vhd:]
WARNING: [filemgmt 56-199] Attempt to get parsing info during refresh. "On-the-fly" syntax checking information may be incorrect. [C:\Users\Portatil\Desktop\Trabajos\Practicas\ADAV\PA2\VHDL PA2\control.vhd:]
WARNING: [filemgmt 56-199] Attempt to get parsing info during refresh. "On-the-fly" syntax checking information may be incorrect. [C:\Users\Portatil\Desktop\Trabajos\Practicas\ADAV\PA2\VHDL PA2\top.vhd:]
WARNING: [filemgmt 56-199] Attempt to get parsing info during refresh. "On-the-fly" syntax checking information may be incorrect. [C:\Users\Portatil\Desktop\Trabajos\Practicas\ADAV\PA2\VHDL PA2\top.vhd:]
WARNING: [filemgmt 56-199] Attempt to get parsing info during refresh. "On-the-fly" syntax checking information may be incorrect. [C:\Users\Portatil\Desktop\Trabajos\Practicas\ADAV\PA2\VHDL PA2\datapath.vhd:]
WARNING: [filemgmt 56-199] Attempt to get parsing info during refresh. "On-the-fly" syntax checking information may be incorrect. [C:\Users\Portatil\Desktop\Trabajos\Practicas\ADAV\PA2\VHDL PA2\top.vhd:]
WARNING: [filemgmt 56-199] Attempt to get parsing info during refresh. "On-the-fly" syntax checking information may be incorrect. [C:\Users\Portatil\Desktop\Trabajos\Practicas\ADAV\PA2\VHDL PA2\tb_top.vhd:]
WARNING: [filemgmt 56-199] Attempt to get parsing info during refresh. "On-the-fly" syntax checking information may be incorrect. [C:\Users\Portatil\Desktop\Trabajos\Practicas\ADAV\PA2\VHDL PA2\control.vhd:]
WARNING: [filemgmt 56-199] Attempt to get parsing info during refresh. "On-the-fly" syntax checking information may be incorrect. [C:\Users\Portatil\Desktop\Trabajos\Practicas\ADAV\PA2\VHDL PA2\control.vhd:]
WARNING: [filemgmt 56-199] Attempt to get parsing info during refresh. "On-the-fly" syntax checking information may be incorrect. [C:\Users\Portatil\Desktop\Trabajos\Practicas\ADAV\PA2\VHDL PA2\control.vhd:]
launch_simulation
Command: launch_simulation 
INFO: [Vivado 12-12493] Simulation top is 'tb_top'
WARNING: [Vivado 12-13340] Unable to auto find GCC executables from simulator install path! (path not set)
INFO: [Vivado 12-5682] Launching behavioral simulation in 'C:/Users/Portatil/Desktop/Trabajos/Practicas/ADAV/PA2/PA2/PA2.sim/sim_1/behav/xsim'
INFO: [SIM-utils-51] Simulation object is 'sim_1'
INFO: [SIM-utils-72] Using boost library from 'C:/Xilinx/Vivado/2024.2/tps/boost_1_72_0'
INFO: [SIM-utils-54] Inspecting design source files for 'tb_top' in fileset 'sim_1'...
INFO: [USF-XSim-97] Finding global include files...
INFO: [USF-XSim-98] Fetching design files from 'sim_1'...
INFO: [USF-XSim-2] XSim::Compile design
ERROR: [Common 17-180] Spawn failed: No error
ERROR: [Common 17-180] Spawn failed: No error
INFO: [USF-XSim-61] Executing 'COMPILE and ANALYZE' step in 'C:/Users/Portatil/Desktop/Trabajos/Practicas/ADAV/PA2/PA2/PA2.sim/sim_1/behav/xsim'
"xvhdl --incr --relax -prj tb_top_vhdl.prj"
INFO: [VRFC 10-163] Analyzing VHDL file "C:/Users/Portatil/Desktop/Trabajos/Practicas/ADAV/PA2/VHDL PA2/control.vhd" into library xil_defaultlib
INFO: [VRFC 10-3107] analyzing entity 'control'
INFO: [VRFC 10-163] Analyzing VHDL file "C:/Users/Portatil/Desktop/Trabajos/Practicas/ADAV/PA2/VHDL PA2/datapath.vhd" into library xil_defaultlib
INFO: [VRFC 10-3107] analyzing entity 'datapath'
INFO: [VRFC 10-163] Analyzing VHDL file "C:/Users/Portatil/Desktop/Trabajos/Practicas/ADAV/PA2/VHDL PA2/int_entrada.vhd" into library xil_defaultlib
INFO: [VRFC 10-3107] analyzing entity 'interfaz_entrada'
INFO: [VRFC 10-163] Analyzing VHDL file "C:/Users/Portatil/Desktop/Trabajos/Practicas/ADAV/PA2/VHDL PA2/int_salida.vhd" into library xil_defaultlib
INFO: [VRFC 10-3107] analyzing entity 'interfaz_salida'
INFO: [VRFC 10-163] Analyzing VHDL file "C:/Users/Portatil/Desktop/Trabajos/Practicas/ADAV/PA2/VHDL PA2/top.vhd" into library xil_defaultlib
INFO: [VRFC 10-3107] analyzing entity 'top'
INFO: [VRFC 10-163] Analyzing VHDL file "C:/Users/Portatil/Desktop/Trabajos/Practicas/ADAV/PA2/VHDL PA2/tb_top.vhd" into library xil_defaultlib
INFO: [VRFC 10-3107] analyzing entity 'tb_top'
INFO: [USF-XSim-69] 'compile' step finished in '2' seconds
INFO: [USF-XSim-3] XSim::Elaborate design
INFO: [USF-XSim-61] Executing 'ELABORATE' step in 'C:/Users/Portatil/Desktop/Trabajos/Practicas/ADAV/PA2/PA2/PA2.sim/sim_1/behav/xsim'
"xelab --incr --debug typical --relax --mt 2 -L xil_defaultlib -L secureip --snapshot tb_top_behav xil_defaultlib.tb_top -log elaborate.log"
Vivado Simulator v2024.2.0
Copyright 1986-2022 Xilinx, Inc. All Rights Reserved.
Copyright 2022-2024 Advanced Micro Devices, Inc. All Rights Reserved.
Running: C:/Xilinx/Vivado/2024.2/bin/unwrapped/win64.o/xelab.exe --incr --debug typical --relax --mt 2 -L xil_defaultlib -L secureip --snapshot tb_top_behav xil_defaultlib.tb_top -log elaborate.log 
Using 2 slave threads.
Starting static elaboration
Completed static elaboration
Starting simulation data flow analysis
Completed simulation data flow analysis
Time Resolution for simulation is 1ps
Compiling package std.standard
Compiling package std.textio
Compiling package ieee.std_logic_1164
Compiling package ieee.std_logic_textio
Compiling package ieee.std_logic_arith
Compiling package ieee.std_logic_unsigned
Compiling package ieee.std_logic_signed
Compiling architecture behavior of entity xil_defaultlib.datapath [datapath_default]
Compiling architecture behavior of entity xil_defaultlib.control [control_default]
Compiling architecture behavior of entity xil_defaultlib.interfaz_entrada [interfaz_entrada_default]
Compiling architecture behavior of entity xil_defaultlib.interfaz_salida [interfaz_salida_default]
Compiling architecture behavior of entity xil_defaultlib.top [top_default]
Compiling architecture behavior of entity xil_defaultlib.tb_top
Built simulation snapshot tb_top_behav
INFO: [USF-XSim-69] 'elaborate' step finished in '3' seconds
INFO: [USF-XSim-4] XSim::Simulate design
INFO: [USF-XSim-61] Executing 'SIMULATE' step in 'C:/Users/Portatil/Desktop/Trabajos/Practicas/ADAV/PA2/PA2/PA2.sim/sim_1/behav/xsim'
INFO: [USF-XSim-98] *** Running xsim
   with args "tb_top_behav -key {Behavioral:sim_1:Functional:tb_top} -tclbatch {tb_top.tcl} -view {C:/Users/Portatil/Desktop/Trabajos/Practicas/ADAV/PA2/PA2/tb_top_behav.wcfg} -log {simulate.log}"
INFO: [USF-XSim-8] Loading simulator feature
Time resolution is 1 ps
open_wave_config C:/Users/Portatil/Desktop/Trabajos/Practicas/ADAV/PA2/PA2/tb_top_behav.wcfg
source tb_top.tcl
# set curr_wave [current_wave_config]
# if { [string length $curr_wave] == 0 } {
#   if { [llength [get_objects]] > 0} {
#     add_wave /
#     set_property needs_save false [current_wave_config]
#   } else {
#      send_msg_id Add_Wave-1 WARNING "No top level signals found. Simulator will start without a wave window. If you want to open a wave window go to 'File->New Waveform Configuration' or type 'create_wave_config' in the TCL console."
#   }
# }
# run 1000ns
INFO: [USF-XSim-96] XSim completed. Design snapshot 'tb_top_behav' loaded.
INFO: [USF-XSim-97] XSim simulation ran for 1000ns
launch_simulation: Time (s): cpu = 00:00:04 ; elapsed = 00:00:07 . Memory (MB): peak = 1442.543 ; gain = 0.000
ERROR: [Common 17-39] 'launch_simulation' failed due to earlier errors.
restart
INFO: [Wavedata 42-604] Simulation restarted
run 50 us
close_sim
INFO: [Simtcl 6-16] Simulation closed
exit
INFO: [Common 17-206] Exiting Vivado at Sun May 18 19:43:01 2025...
